<?xml version="1.0" encoding="UTF-8"?>
<!-- Generated by org.testng.reporters.JUnitReportReporter -->
<testsuite hostname="DESKTOP-L2Q1E1B" failures="0" tests="4" name="pkg.AppTest" time="43.397" errors="0" timestamp="27 Apr 2020 21:12:27 GMT" skipped="3">
  <testcase classname="pkg.AppTest" name="day4" time="43.397"/>
  <testcase classname="pkg.AppTest" name="day2">
    <skipped/>
  </testcase> <!-- day2 -->
  <testcase classname="pkg.AppTest" name="day3">
    <skipped/>
  </testcase> <!-- day3 -->
  <testcase classname="pkg.AppTest" name="day1">
    <skipped/>
  </testcase> <!-- day1 -->
</testsuite> <!-- pkg.AppTest -->
