<?xml version="1.0" encoding="UTF-8"?>
<!-- Generated by org.testng.reporters.JUnitReportReporter -->
<testsuite hostname="DESKTOP-L2Q1E1B" failures="0" tests="1" name="pkg.AppTest" time="25.115" errors="0" timestamp="23 Apr 2020 21:16:08 GMT" skipped="0">
  <testcase classname="pkg.AppTest" name="day1" time="25.115"/>
</testsuite> <!-- pkg.AppTest -->
